  prac18.cpp
C:\Users\SeungJu\source\repos\DataStructureClass\DataStructureClass\BST.h(34,1): warning C4554: '|': 연산자 우선 순위에 오류가 있는지 확인하세요. 괄호를 사용하여 우선 순위를 명확하게 지정하세요.
C:\Users\SeungJu\source\repos\DataStructureClass\DataStructureClass\BST.h(33): message : 클래스 템플릿 멤버 함수 'BinaryTree<btElementType> *BST<btElementType>::retreive(const btElementType &)'을(를) 컴파일하는 중입니다.
          with
          [
              btElementType=int
          ]
C:\Users\SeungJu\source\repos\DataStructureClass\DataStructureClass\prac18.cpp(9): message : 컴파일되는 클래스 템플릿 인스턴스화 'BST<int>'에 대한 참조를 확인하세요.
C:\Users\SeungJu\source\repos\DataStructureClass\DataStructureClass\BST.h(37,1): error C2039: 'retreive': 'BinaryTree<btElementType>'의 멤버가 아닙니다.
          with
          [
              btElementType=int
          ]
C:\Users\SeungJu\source\repos\DataStructureClass\DataStructureClass\BST.h(4): message : 'BinaryTree<btElementType>' 선언을 참조하십시오.
          with
          [
              btElementType=int
          ]
C:\Users\SeungJu\source\repos\DataStructureClass\DataStructureClass\BST.h(39,1): error C2039: 'retreive': 'BinaryTree<btElementType>'의 멤버가 아닙니다.
          with
          [
              btElementType=int
          ]
C:\Users\SeungJu\source\repos\DataStructureClass\DataStructureClass\BST.h(4): message : 'BinaryTree<btElementType>' 선언을 참조하십시오.
          with
          [
              btElementType=int
          ]
